<?xml version="1.0" encoding="UTF-8"?>
<testsuite name="mainTest" tests="15" skipped="0" failures="0" errors="0" timestamp="2020-09-28T20:04:05" hostname="Ivans-Air" time="0.125">
  <properties/>
  <testcase name="oneElement()" classname="mainTest" time="0.025"/>
  <testcase name="filterFold()" classname="mainTest" time="0.044"/>
  <testcase name="mapAccumLEx1()" classname="mainTest" time="0.002"/>
  <testcase name="mapAccumLEx2()" classname="mainTest" time="0.004"/>
  <testcase name="filterFoldEmpty()" classname="mainTest" time="0.004"/>
  <testcase name="filterFoldRight()" classname="mainTest" time="0.001"/>
  <testcase name="emptyList()" classname="mainTest" time="0.002"/>
  <testcase name="sumsq1()" classname="mainTest" time="0.004"/>
  <testcase name="randArray()" classname="mainTest" time="0.002"/>
  <testcase name="filterFoldRightEmpty()" classname="mainTest" time="0.003"/>
  <testcase name="reverseEmpty()" classname="mainTest" time="0.002"/>
  <testcase name="lengths()" classname="mainTest" time="0.002"/>
  <testcase name="sumsq()" classname="mainTest" time="0.002"/>
  <testcase name="reverseRandom()" classname="mainTest" time="0.001"/>
  <testcase name="sameElements()" classname="mainTest" time="0.002"/>
  <system-out><![CDATA[]]></system-out>
  <system-err><![CDATA[]]></system-err>
</testsuite>
