<?xml version="1.0" encoding="UTF-8"?>
<testsuite name="Fibonacci.mainTest" tests="4" skipped="0" failures="0" errors="0" timestamp="2020-09-26T15:28:03" hostname="Ivans-Air" time="0.038">
  <properties/>
  <testcase name="calcFibonacci1st()" classname="Fibonacci.mainTest" time="0.03"/>
  <testcase name="calcFibonacci8th()" classname="Fibonacci.mainTest" time="0.001"/>
  <testcase name="calcFibonacci10th()" classname="Fibonacci.mainTest" time="0.001"/>
  <testcase name="calcFibonacci20th()" classname="Fibonacci.mainTest" time="0.001"/>
  <system-out><![CDATA[]]></system-out>
  <system-err><![CDATA[]]></system-err>
</testsuite>
